[debug] [2025-01-05T19:54:32.218Z] ----------------------------------------------------------------------
[debug] [2025-01-05T19:54:32.223Z] Command:       C:\Program Files\nodejs\node.exe C:\Users\wlien\AppData\Roaming\npm\node_modules\firebase-tools\lib\bin\firebase.js deploy
[debug] [2025-01-05T19:54:32.224Z] CLI Version:   13.29.1
[debug] [2025-01-05T19:54:32.224Z] Platform:      win32
[debug] [2025-01-05T19:54:32.224Z] Node Version:  v20.11.0
[debug] [2025-01-05T19:54:32.224Z] Time:          Sun Jan 05 2025 16:54:32 GMT-0300 (hora estándar de Argentina)
[debug] [2025-01-05T19:54:32.225Z] ----------------------------------------------------------------------
[debug] 
[debug] [2025-01-05T19:54:32.348Z] > command requires scopes: ["email","openid","https://www.googleapis.com/auth/cloudplatformprojects.readonly","https://www.googleapis.com/auth/firebase","https://www.googleapis.com/auth/cloud-platform"]
[debug] [2025-01-05T19:54:32.349Z] > authorizing via signed-in user (elrincondelostrueques@gmail.com)
[debug] [2025-01-05T19:54:32.349Z] [iam] checking project truequesuruguay for permissions ["datastore.indexes.create","datastore.indexes.delete","datastore.indexes.list","datastore.indexes.update","firebase.projects.get","firebasehosting.sites.update","firebaserules.releases.create","firebaserules.releases.update","firebaserules.rulesets.create"]
[debug] [2025-01-05T19:54:32.351Z] Checked if tokens are valid: true, expires at: 1736109076997
[debug] [2025-01-05T19:54:32.352Z] Checked if tokens are valid: true, expires at: 1736109076997
[debug] [2025-01-05T19:54:32.353Z] >>> [apiv2][query] POST https://cloudresourcemanager.googleapis.com/v1/projects/truequesuruguay:testIamPermissions [none]
[debug] [2025-01-05T19:54:32.354Z] >>> [apiv2][(partial)header] POST https://cloudresourcemanager.googleapis.com/v1/projects/truequesuruguay:testIamPermissions x-goog-quota-user=projects/truequesuruguay
[debug] [2025-01-05T19:54:32.354Z] >>> [apiv2][body] POST https://cloudresourcemanager.googleapis.com/v1/projects/truequesuruguay:testIamPermissions {"permissions":["datastore.indexes.create","datastore.indexes.delete","datastore.indexes.list","datastore.indexes.update","firebase.projects.get","firebasehosting.sites.update","firebaserules.releases.create","firebaserules.releases.update","firebaserules.rulesets.create"]}
[debug] [2025-01-05T19:54:33.305Z] <<< [apiv2][status] POST https://cloudresourcemanager.googleapis.com/v1/projects/truequesuruguay:testIamPermissions 200
[debug] [2025-01-05T19:54:33.305Z] <<< [apiv2][body] POST https://cloudresourcemanager.googleapis.com/v1/projects/truequesuruguay:testIamPermissions {"permissions":["datastore.indexes.create","datastore.indexes.delete","datastore.indexes.list","datastore.indexes.update","firebase.projects.get","firebasehosting.sites.update","firebaserules.releases.create","firebaserules.releases.update","firebaserules.rulesets.create"]}
[debug] [2025-01-05T19:54:33.306Z] Checked if tokens are valid: true, expires at: 1736109076997
[debug] [2025-01-05T19:54:33.306Z] Checked if tokens are valid: true, expires at: 1736109076997
[debug] [2025-01-05T19:54:33.307Z] >>> [apiv2][query] GET https://firebase.googleapis.com/v1beta1/projects/truequesuruguay [none]
[debug] [2025-01-05T19:54:33.694Z] <<< [apiv2][status] GET https://firebase.googleapis.com/v1beta1/projects/truequesuruguay 200
[debug] [2025-01-05T19:54:33.694Z] <<< [apiv2][body] GET https://firebase.googleapis.com/v1beta1/projects/truequesuruguay {"projectId":"truequesuruguay","projectNumber":"926510385340","displayName":"truequesuruguay","name":"projects/truequesuruguay","resources":{"hostingSite":"truequesuruguay","realtimeDatabaseInstance":"truequesuruguay-default-rtdb","storageBucket":"truequesuruguay.appspot.com","locationId":"southamerica-east1"},"state":"ACTIVE","etag":"1_96b2865f-f7e8-4de5-8874-fc14ec02744f"}
[info] 
[info] === Deploying to 'truequesuruguay'...
[info] 
[info] i  deploying storage, firestore, hosting 
[info] i  storage: ensuring required API firebasestorage.googleapis.com is enabled... 
[debug] [2025-01-05T19:54:33.704Z] Checked if tokens are valid: true, expires at: 1736109076997
[debug] [2025-01-05T19:54:33.704Z] Checked if tokens are valid: true, expires at: 1736109076997
[debug] [2025-01-05T19:54:33.704Z] >>> [apiv2][query] GET https://serviceusage.googleapis.com/v1/projects/truequesuruguay/services/firebasestorage.googleapis.com [none]
[debug] [2025-01-05T19:54:33.705Z] >>> [apiv2][(partial)header] GET https://serviceusage.googleapis.com/v1/projects/truequesuruguay/services/firebasestorage.googleapis.com x-goog-quota-user=projects/truequesuruguay
[debug] [2025-01-05T19:54:34.787Z] <<< [apiv2][status] GET https://serviceusage.googleapis.com/v1/projects/truequesuruguay/services/firebasestorage.googleapis.com 200
[debug] [2025-01-05T19:54:34.787Z] <<< [apiv2][body] GET https://serviceusage.googleapis.com/v1/projects/truequesuruguay/services/firebasestorage.googleapis.com [omitted]
[info] +  storage: required API firebasestorage.googleapis.com is enabled 
[debug] [2025-01-05T19:54:34.788Z] Checked if tokens are valid: true, expires at: 1736109076997
[debug] [2025-01-05T19:54:34.788Z] Checked if tokens are valid: true, expires at: 1736109076997
[debug] [2025-01-05T19:54:34.788Z] >>> [apiv2][query] GET https://firebasestorage.googleapis.com/v1alpha/projects/truequesuruguay/defaultBucket [none]
[debug] [2025-01-05T19:54:36.085Z] <<< [apiv2][status] GET https://firebasestorage.googleapis.com/v1alpha/projects/truequesuruguay/defaultBucket 200
[debug] [2025-01-05T19:54:36.085Z] <<< [apiv2][body] GET https://firebasestorage.googleapis.com/v1alpha/projects/truequesuruguay/defaultBucket {"name":"projects/truequesuruguay/defaultBucket","location":"SOUTHAMERICA-EAST1","bucket":{"name":"projects/truequesuruguay/buckets/truequesuruguay.appspot.com"},"storageClass":"STANDARD"}
[info] i  firebase.storage: checking storage.rules for compilation errors... 
[debug] [2025-01-05T19:54:36.088Z] Checked if tokens are valid: true, expires at: 1736109076997
[debug] [2025-01-05T19:54:36.088Z] Checked if tokens are valid: true, expires at: 1736109076997
[debug] [2025-01-05T19:54:36.088Z] >>> [apiv2][query] POST https://firebaserules.googleapis.com/v1/projects/truequesuruguay:test [none]
[debug] [2025-01-05T19:54:36.088Z] >>> [apiv2][body] POST https://firebaserules.googleapis.com/v1/projects/truequesuruguay:test [omitted]
